{"uid":"700d4614965a58e4","name":"test_successful_login","fullName":"tests.test_compare#test_successful_login","historyId":"6b255db13115378f72000cc24d71fc51","time":{"start":1744835807427,"stop":1744835809646,"duration":2219},"status":"failed","statusMessage":"AssertionError: Пользователь не вошёл: не найдена кнопка выхода\nassert 'Sign Off' in '<!--\\nUser password was correct - added a cookie with the user\\'s default\\ninformation.  Set the user up to make rese...\" name=\"info\" marginheight=\"2\" marginwidth=\"2\" noresize=\"noresize\" scrolling=\"auto\"/>\\n</frameset>\\n\\n</body>\\n</html>'\n +  where '<!--\\nUser password was correct - added a cookie with the user\\'s default\\ninformation.  Set the user up to make rese...\" name=\"info\" marginheight=\"2\" marginwidth=\"2\" noresize=\"noresize\" scrolling=\"auto\"/>\\n</frameset>\\n\\n</body>\\n</html>' = <Response [200]>.text","statusTrace":"@allure.feature(\"Аутентификация\")\n    @allure.story(\"Успешный логин с корректными данными\")\n    def test_successful_login():\n        user_session = get_user_session()\n        response = login(user_session)\n    \n        assert response.status_code == 200, \"Запрос логина не дал 200 OK\"\n>       assert \"Sign Off\" in response.text, \"Пользователь не вошёл: не найдена кнопка выхода\"\nE       AssertionError: Пользователь не вошёл: не найдена кнопка выхода\nE       assert 'Sign Off' in '<!--\\nUser password was correct - added a cookie with the user\\'s default\\ninformation.  Set the user up to make rese...\" name=\"info\" marginheight=\"2\" marginwidth=\"2\" noresize=\"noresize\" scrolling=\"auto\"/>\\n</frameset>\\n\\n</body>\\n</html>'\nE        +  where '<!--\\nUser password was correct - added a cookie with the user\\'s default\\ninformation.  Set the user up to make rese...\" name=\"info\" marginheight=\"2\" marginwidth=\"2\" noresize=\"noresize\" scrolling=\"auto\"/>\\n</frameset>\\n\\n</body>\\n</html>' = <Response [200]>.text\n\ntests/test_compare.py:39: AssertionError","flaky":false,"newFailed":false,"newBroken":false,"newPassed":false,"retriesCount":1,"retriesStatusChange":true,"beforeStages":[],"testStage":{"status":"failed","statusMessage":"AssertionError: Пользователь не вошёл: не найдена кнопка выхода\nassert 'Sign Off' in '<!--\\nUser password was correct - added a cookie with the user\\'s default\\ninformation.  Set the user up to make rese...\" name=\"info\" marginheight=\"2\" marginwidth=\"2\" noresize=\"noresize\" scrolling=\"auto\"/>\\n</frameset>\\n\\n</body>\\n</html>'\n +  where '<!--\\nUser password was correct - added a cookie with the user\\'s default\\ninformation.  Set the user up to make rese...\" name=\"info\" marginheight=\"2\" marginwidth=\"2\" noresize=\"noresize\" scrolling=\"auto\"/>\\n</frameset>\\n\\n</body>\\n</html>' = <Response [200]>.text","statusTrace":"@allure.feature(\"Аутентификация\")\n    @allure.story(\"Успешный логин с корректными данными\")\n    def test_successful_login():\n        user_session = get_user_session()\n        response = login(user_session)\n    \n        assert response.status_code == 200, \"Запрос логина не дал 200 OK\"\n>       assert \"Sign Off\" in response.text, \"Пользователь не вошёл: не найдена кнопка выхода\"\nE       AssertionError: Пользователь не вошёл: не найдена кнопка выхода\nE       assert 'Sign Off' in '<!--\\nUser password was correct - added a cookie with the user\\'s default\\ninformation.  Set the user up to make rese...\" name=\"info\" marginheight=\"2\" marginwidth=\"2\" noresize=\"noresize\" scrolling=\"auto\"/>\\n</frameset>\\n\\n</body>\\n</html>'\nE        +  where '<!--\\nUser password was correct - added a cookie with the user\\'s default\\ninformation.  Set the user up to make rese...\" name=\"info\" marginheight=\"2\" marginwidth=\"2\" noresize=\"noresize\" scrolling=\"auto\"/>\\n</frameset>\\n\\n</body>\\n</html>' = <Response [200]>.text\n\ntests/test_compare.py:39: AssertionError","steps":[{"name":"Получение userSession из навигационной страницы","time":{"start":1744835807427,"stop":1744835809062,"duration":1635},"status":"passed","steps":[],"attachments":[],"parameters":[],"shouldDisplayMessage":false,"stepsCount":0,"attachmentsCount":0,"hasContent":false},{"name":"Аутентификация пользователя с userSession='0AA'","time":{"start":1744835809062,"stop":1744835809645,"duration":583},"status":"passed","steps":[],"attachments":[],"parameters":[{"name":"user_session","value":"'0AA'"},{"name":"username","value":"'pank1'"},{"name":"password","value":"'pank1'"}],"shouldDisplayMessage":false,"stepsCount":0,"attachmentsCount":0,"hasContent":true}],"attachments":[],"parameters":[],"shouldDisplayMessage":true,"stepsCount":2,"attachmentsCount":0,"hasContent":true},"afterStages":[],"labels":[{"name":"feature","value":"Аутентификация"},{"name":"story","value":"Успешный логин с корректными данными"},{"name":"parentSuite","value":"tests"},{"name":"suite","value":"test_compare"},{"name":"host","value":"fv-az1770-798"},{"name":"thread","value":"2169-MainThread"},{"name":"framework","value":"pytest"},{"name":"language","value":"cpython3"},{"name":"package","value":"tests.test_compare"},{"name":"resultFormat","value":"allure2"}],"parameters":[],"links":[],"hidden":false,"retry":false,"extra":{"severity":"normal","retries":[{"uid":"e555bb8cdffb911c","status":"passed","time":{"start":1744833475879,"stop":1744833476118,"duration":239}}],"categories":[{"name":"Product defects","matchedStatuses":[],"flaky":false}],"tags":[]},"source":"700d4614965a58e4.json","parameterValues":[]}